<?xml version="1.0" encoding="UTF-8"?>
<!-- Generated by org.testng.reporters.JUnitXMLReporter -->
<testsuite ignored="0" hostname="DESKTOP-1118KPU" failures="0" tests="3" name="Submt Order Test" time="65.518" errors="0" timestamp="2024-07-21T20:29:51 IST">
  <testcase classname="ankitsharmaacademy.SubmitOrderTest" name="submitOrder" time="25.23"/>
  <testcase classname="ankitsharmaacademy.SubmitOrderTest" name="submitOrder" time="24.414"/>
  <testcase classname="ankitsharmaacademy.SubmitOrderTest" name="OrderHistorytest" time="0.688"/>
</testsuite> <!-- Submt Order Test -->
